<?xml version="1.0" encoding="UTF-8"?>
<testsuites>
  <testsuite name="Customer success login" timestamp="2021-05-18T17:42:21" time="25.963" tests="1" failures="0" errors="0" skipped="0">
    <properties>
      <property name="specId" value="0"/>
      <property name="suiteName" value="Customer success login"/>
      <property name="capabilities" value="chrome.90_0_4430_72.windows"/>
      <property name="file" value=".\test\specs\case\positive\login\success.login.js"/>
    </properties>
    <testcase classname="chrome.90_0_4430_72.windows.Customer success login" name="should login with valid credentials" time="25.929">
      <system-out><![CDATA[
COMMAND: POST /session/551cdb7a544fbc63ca04d6fe4cfab84c8f297793/window/current/maximize - {}
COMMAND: POST /session/551cdb7a544fbc63ca04d6fe4cfab84c8f297793/element - {"using":"css selector","value":"#email"}
RESULT: {"using":"css selector","value":"#email"}
COMMAND: POST /session/551cdb7a544fbc63ca04d6fe4cfab84c8f297793/element/0/clear - {}
RESULT: {"url":"https://primafreshmart.com/customer/account/login"}
RESULT: {}
RESULT: {}
COMMAND: POST /session/551cdb7a544fbc63ca04d6fe4cfab84c8f297793/element/0/value - {"value":["h","e","l","l","o",".","h","a","n","i","(18 more items)"]}
RESULT: {"value":["h","e","l","l","o",".","h","a","n","i","(18 more items)"]}
COMMAND: POST /session/551cdb7a544fbc63ca04d6fe4cfab84c8f297793/element - {"using":"css selector","value":"#password"}
RESULT: {"using":"css selector","value":"#password"}
COMMAND: POST /session/551cdb7a544fbc63ca04d6fe4cfab84c8f297793/element/1/clear - {}
RESULT: {}
COMMAND: POST /session/551cdb7a544fbc63ca04d6fe4cfab84c8f297793/element/1/value - {"value":["P","f","m","1","2","3","4","5"]}
RESULT: {"value":["P","f","m","1","2","3","4","5"]}
COMMAND: POST /session/551cdb7a544fbc63ca04d6fe4cfab84c8f297793/element - {"using":"css selector","value":"button[type=\"submit\"]"}
RESULT: {"using":"css selector","value":"button[type=\"submit\"]"}
COMMAND: POST /session/551cdb7a544fbc63ca04d6fe4cfab84c8f297793/element/2/click - {}
RESULT: {}
COMMAND: GET /session/551cdb7a544fbc63ca04d6fe4cfab84c8f297793/url - {}
RESULT: {}
COMMAND: POST /session/551cdb7a544fbc63ca04d6fe4cfab84c8f297793/element - {"using":"css selector","value":"#close-profile-popup"}
RESULT: {"using":"css selector","value":"#close-profile-popup"}
COMMAND: GET /session/551cdb7a544fbc63ca04d6fe4cfab84c8f297793/element/3/displayed - {}
RESULT: {}
COMMAND: POST /session/551cdb7a544fbc63ca04d6fe4cfab84c8f297793/execute - {"script":"browserstack_executor: {\"action\": \"setSessionStatus\", \"arguments\": {\"status\":\"passed\",\"reason\": \"Assertions passed\"}}"}
COMMAND: GET /session/551cdb7a544fbc63ca04d6fe4cfab84c8f297793/screenshot - {}
COMMAND: DELETE /session/551cdb7a544fbc63ca04d6fe4cfab84c8f297793 - {}
RESULT: {"script":"browserstack_executor: {\"action\": \"setSessionStatus\", \"arguments\": {\"status\":\"passed\",\"reason\": \"Assertions passed\"}}"}
RESULT: {}
RESULT: {}
]]></system-out>
    </testcase>
  </testsuite>
</testsuites>